[0.827s] Invoking command in '/home/lab/ros2_ws/src/my_robot_controller': DEBUGINFOD_URLS=https://debuginfod.ubuntu.com PYTHONPATH=/home/lab/ros2_ws/build/my_robot_controller/prefix_override:/usr/lib/python3/dist-packages/colcon_core/task/python/colcon_distutils_commands:/home/lab/ros2_ws/install/my_robot_controller/lib/python3.12/site-packages:${PYTHONPATH} /usr/bin/python3 -W ignore:setup.py install is deprecated -W ignore:easy_install command is deprecated setup.py egg_info --egg-base ../../build/my_robot_controller build --build-base /home/lab/ros2_ws/build/my_robot_controller/build install --record /home/lab/ros2_ws/build/my_robot_controller/install.log --single-version-externally-managed install_data
[1.070s] running egg_info
[1.070s] creating ../../build/my_robot_controller/my_robot_controller.egg-info
[1.089s] writing ../../build/my_robot_controller/my_robot_controller.egg-info/PKG-INFO
[1.089s] writing dependency_links to ../../build/my_robot_controller/my_robot_controller.egg-info/dependency_links.txt
[1.089s] writing requirements to ../../build/my_robot_controller/my_robot_controller.egg-info/requires.txt
[1.090s] writing top-level names to ../../build/my_robot_controller/my_robot_controller.egg-info/top_level.txt
[1.090s] writing manifest file '../../build/my_robot_controller/my_robot_controller.egg-info/SOURCES.txt'
[1.128s] reading manifest file '../../build/my_robot_controller/my_robot_controller.egg-info/SOURCES.txt'
[1.129s] writing manifest file '../../build/my_robot_controller/my_robot_controller.egg-info/SOURCES.txt'
[1.129s] running build
[1.129s] running build_py
[1.129s] creating /home/lab/ros2_ws/build/my_robot_controller/build
[1.129s] creating /home/lab/ros2_ws/build/my_robot_controller/build/lib
[1.129s] creating /home/lab/ros2_ws/build/my_robot_controller/build/lib/my_robot_controller
[1.129s] copying my_robot_controller/__init__.py -> /home/lab/ros2_ws/build/my_robot_controller/build/lib/my_robot_controller
[1.130s] running install
[1.135s] running install_lib
[1.154s] creating /home/lab/ros2_ws/install/my_robot_controller/lib/python3.12/site-packages/my_robot_controller
[1.154s] copying /home/lab/ros2_ws/build/my_robot_controller/build/lib/my_robot_controller/__init__.py -> /home/lab/ros2_ws/install/my_robot_controller/lib/python3.12/site-packages/my_robot_controller
[1.154s] byte-compiling /home/lab/ros2_ws/install/my_robot_controller/lib/python3.12/site-packages/my_robot_controller/__init__.py to __init__.cpython-312.pyc
[1.155s] running install_data
[1.155s] creating /home/lab/ros2_ws/install/my_robot_controller/share/ament_index
[1.155s] creating /home/lab/ros2_ws/install/my_robot_controller/share/ament_index/resource_index
[1.155s] creating /home/lab/ros2_ws/install/my_robot_controller/share/ament_index/resource_index/packages
[1.155s] copying resource/my_robot_controller -> /home/lab/ros2_ws/install/my_robot_controller/share/ament_index/resource_index/packages
[1.155s] copying package.xml -> /home/lab/ros2_ws/install/my_robot_controller/share/my_robot_controller
[1.155s] running install_egg_info
[1.175s] Copying ../../build/my_robot_controller/my_robot_controller.egg-info to /home/lab/ros2_ws/install/my_robot_controller/lib/python3.12/site-packages/my_robot_controller-0.0.0-py3.12.egg-info
[1.176s] running install_scripts
[1.298s] writing list of installed files to '/home/lab/ros2_ws/build/my_robot_controller/install.log'
[1.321s] Invoked command in '/home/lab/ros2_ws/src/my_robot_controller' returned '0': DEBUGINFOD_URLS=https://debuginfod.ubuntu.com PYTHONPATH=/home/lab/ros2_ws/build/my_robot_controller/prefix_override:/usr/lib/python3/dist-packages/colcon_core/task/python/colcon_distutils_commands:/home/lab/ros2_ws/install/my_robot_controller/lib/python3.12/site-packages:${PYTHONPATH} /usr/bin/python3 -W ignore:setup.py install is deprecated -W ignore:easy_install command is deprecated setup.py egg_info --egg-base ../../build/my_robot_controller build --build-base /home/lab/ros2_ws/build/my_robot_controller/build install --record /home/lab/ros2_ws/build/my_robot_controller/install.log --single-version-externally-managed install_data
