[0.763s] Invoking command in '/home/lab/ros2_ws/src/my_robot_controller': DEBUGINFOD_URLS=https://debuginfod.ubuntu.com PYTHONPATH=/home/lab/ros2_ws/build/my_robot_controller/prefix_override:/usr/lib/python3/dist-packages/colcon_core/task/python/colcon_distutils_commands:/home/lab/ros2_ws/install/my_robot_controller/lib/python3.12/site-packages:${PYTHONPATH} /usr/bin/python3 -W ignore:setup.py install is deprecated -W ignore:easy_install command is deprecated setup.py egg_info --egg-base ../../build/my_robot_controller build --build-base /home/lab/ros2_ws/build/my_robot_controller/build install --record /home/lab/ros2_ws/build/my_robot_controller/install.log --single-version-externally-managed install_data
[1.023s] running egg_info
[1.044s] writing ../../build/my_robot_controller/my_robot_controller.egg-info/PKG-INFO
[1.044s] writing dependency_links to ../../build/my_robot_controller/my_robot_controller.egg-info/dependency_links.txt
[1.044s] writing entry points to ../../build/my_robot_controller/my_robot_controller.egg-info/entry_points.txt
[1.044s] writing requirements to ../../build/my_robot_controller/my_robot_controller.egg-info/requires.txt
[1.044s] writing top-level names to ../../build/my_robot_controller/my_robot_controller.egg-info/top_level.txt
[1.085s] reading manifest file '../../build/my_robot_controller/my_robot_controller.egg-info/SOURCES.txt'
[1.086s] writing manifest file '../../build/my_robot_controller/my_robot_controller.egg-info/SOURCES.txt'
[1.086s] running build
[1.086s] running build_py
[1.086s] copying my_robot_controller/my_first_node.py -> /home/lab/ros2_ws/build/my_robot_controller/build/lib/my_robot_controller
[1.086s] running install
[1.092s] running install_lib
[1.114s] copying /home/lab/ros2_ws/build/my_robot_controller/build/lib/my_robot_controller/my_first_node.py -> /home/lab/ros2_ws/install/my_robot_controller/lib/python3.12/site-packages/my_robot_controller
[1.114s] byte-compiling /home/lab/ros2_ws/install/my_robot_controller/lib/python3.12/site-packages/my_robot_controller/my_first_node.py to my_first_node.cpython-312.pyc
[1.114s] running install_data
[1.114s] running install_egg_info
[1.135s] removing '/home/lab/ros2_ws/install/my_robot_controller/lib/python3.12/site-packages/my_robot_controller-0.0.0-py3.12.egg-info' (and everything under it)
[1.135s] Copying ../../build/my_robot_controller/my_robot_controller.egg-info to /home/lab/ros2_ws/install/my_robot_controller/lib/python3.12/site-packages/my_robot_controller-0.0.0-py3.12.egg-info
[1.136s] running install_scripts
[1.269s] Installing test_node script to /home/lab/ros2_ws/install/my_robot_controller/lib/my_robot_controller
[1.270s] writing list of installed files to '/home/lab/ros2_ws/build/my_robot_controller/install.log'
[1.294s] Invoked command in '/home/lab/ros2_ws/src/my_robot_controller' returned '0': DEBUGINFOD_URLS=https://debuginfod.ubuntu.com PYTHONPATH=/home/lab/ros2_ws/build/my_robot_controller/prefix_override:/usr/lib/python3/dist-packages/colcon_core/task/python/colcon_distutils_commands:/home/lab/ros2_ws/install/my_robot_controller/lib/python3.12/site-packages:${PYTHONPATH} /usr/bin/python3 -W ignore:setup.py install is deprecated -W ignore:easy_install command is deprecated setup.py egg_info --egg-base ../../build/my_robot_controller build --build-base /home/lab/ros2_ws/build/my_robot_controller/build install --record /home/lab/ros2_ws/build/my_robot_controller/install.log --single-version-externally-managed install_data
