[0.712s] Invoking command in '/home/lab/ros2_ws/build/my_robot_controller': DEBUGINFOD_URLS=https://debuginfod.ubuntu.com PYTHONPATH=/home/lab/ros2_ws/build/my_robot_controller/prefix_override:/usr/lib/python3/dist-packages/colcon_core/task/python/colcon_distutils_commands:/home/lab/ros2_ws/install/my_robot_controller/lib/python3.12/site-packages:${PYTHONPATH} /usr/bin/python3 -W ignore:setup.py install is deprecated -W ignore:easy_install command is deprecated setup.py develop --editable --build-directory /home/lab/ros2_ws/build/my_robot_controller/build --no-deps symlink_data
[1.005s] running develop
[1.200s] running egg_info
[1.219s] writing my_robot_controller.egg-info/PKG-INFO
[1.219s] writing dependency_links to my_robot_controller.egg-info/dependency_links.txt
[1.220s] writing entry points to my_robot_controller.egg-info/entry_points.txt
[1.220s] writing requirements to my_robot_controller.egg-info/requires.txt
[1.220s] writing top-level names to my_robot_controller.egg-info/top_level.txt
[1.258s] reading manifest file 'my_robot_controller.egg-info/SOURCES.txt'
[1.259s] writing manifest file 'my_robot_controller.egg-info/SOURCES.txt'
[1.279s] running build_ext
[1.279s] Creating /home/lab/ros2_ws/install/my_robot_controller/lib/python3.12/site-packages/my-robot-controller.egg-link (link to .)
[1.280s] Installing draw_circle script to /home/lab/ros2_ws/install/my_robot_controller/lib/my_robot_controller
[1.280s] Installing pose_subscriber script to /home/lab/ros2_ws/install/my_robot_controller/lib/my_robot_controller
[1.280s] Installing test_node script to /home/lab/ros2_ws/install/my_robot_controller/lib/my_robot_controller
[1.280s] Installing turtle_controller script to /home/lab/ros2_ws/install/my_robot_controller/lib/my_robot_controller
[1.280s] 
[1.280s] Installed /home/lab/ros2_ws/build/my_robot_controller
[1.280s] running symlink_data
[1.301s] Invoked command in '/home/lab/ros2_ws/build/my_robot_controller' returned '0': DEBUGINFOD_URLS=https://debuginfod.ubuntu.com PYTHONPATH=/home/lab/ros2_ws/build/my_robot_controller/prefix_override:/usr/lib/python3/dist-packages/colcon_core/task/python/colcon_distutils_commands:/home/lab/ros2_ws/install/my_robot_controller/lib/python3.12/site-packages:${PYTHONPATH} /usr/bin/python3 -W ignore:setup.py install is deprecated -W ignore:easy_install command is deprecated setup.py develop --editable --build-directory /home/lab/ros2_ws/build/my_robot_controller/build --no-deps symlink_data
