[0.816s] Invoking command in '/home/lab/johanu/ros2_ws/build/my_robot_controller': DEBUGINFOD_URLS=https://debuginfod.ubuntu.com PYTHONPATH=/home/lab/johanu/ros2_ws/build/my_robot_controller/prefix_override:/usr/lib/python3/dist-packages/colcon_core/task/python/colcon_distutils_commands:/home/lab/johanu/ros2_ws/install/my_robot_controller/lib/python3.12/site-packages:${PYTHONPATH} /usr/bin/python3 -W ignore:setup.py install is deprecated -W ignore:easy_install command is deprecated setup.py develop --editable --build-directory /home/lab/johanu/ros2_ws/build/my_robot_controller/build --no-deps symlink_data
[1.107s] running develop
[1.306s] running egg_info
[1.325s] writing my_robot_controller.egg-info/PKG-INFO
[1.325s] writing dependency_links to my_robot_controller.egg-info/dependency_links.txt
[1.325s] writing entry points to my_robot_controller.egg-info/entry_points.txt
[1.326s] writing requirements to my_robot_controller.egg-info/requires.txt
[1.326s] writing top-level names to my_robot_controller.egg-info/top_level.txt
[1.364s] reading manifest file 'my_robot_controller.egg-info/SOURCES.txt'
[1.365s] writing manifest file 'my_robot_controller.egg-info/SOURCES.txt'
[1.385s] running build_ext
[1.385s] Creating /home/lab/johanu/ros2_ws/install/my_robot_controller/lib/python3.12/site-packages/my-robot-controller.egg-link (link to .)
[1.385s] Installing draw_circle script to /home/lab/johanu/ros2_ws/install/my_robot_controller/lib/my_robot_controller
[1.385s] Installing pose_subscriber script to /home/lab/johanu/ros2_ws/install/my_robot_controller/lib/my_robot_controller
[1.385s] Installing test_node script to /home/lab/johanu/ros2_ws/install/my_robot_controller/lib/my_robot_controller
[1.386s] 
[1.386s] Installed /home/lab/johanu/ros2_ws/build/my_robot_controller
[1.386s] running symlink_data
[1.386s] symbolically linking /home/lab/johanu/ros2_ws/build/my_robot_controller/resource/my_robot_controller -> /home/lab/johanu/ros2_ws/install/my_robot_controller/share/ament_index/resource_index/packages
[1.386s] error: [Errno 17] File exists: '/home/lab/johanu/ros2_ws/build/my_robot_controller/resource/my_robot_controller' -> '/home/lab/johanu/ros2_ws/install/my_robot_controller/share/ament_index/resource_index/packages/my_robot_controller'
[1.407s] Invoked command in '/home/lab/johanu/ros2_ws/build/my_robot_controller' returned '1': DEBUGINFOD_URLS=https://debuginfod.ubuntu.com PYTHONPATH=/home/lab/johanu/ros2_ws/build/my_robot_controller/prefix_override:/usr/lib/python3/dist-packages/colcon_core/task/python/colcon_distutils_commands:/home/lab/johanu/ros2_ws/install/my_robot_controller/lib/python3.12/site-packages:${PYTHONPATH} /usr/bin/python3 -W ignore:setup.py install is deprecated -W ignore:easy_install command is deprecated setup.py develop --editable --build-directory /home/lab/johanu/ros2_ws/build/my_robot_controller/build --no-deps symlink_data
